<?xml version="1.0" encoding="UTF-8"?>
<testsuite name="SimpleSearchEngineTest" tests="1" skipped="0" failures="0" errors="0" timestamp="2020-06-24T20:16:12" hostname="Zhaohans-MBP.lan1" time="0.314">
  <properties/>
  <testcase name="start" classname="SimpleSearchEngineTest" time="0.314"/>
  <system-out><![CDATA[?[1;31m
Start test 1?[0m

=== Menu ===
1. Find a person
2. Print all people
0. Exit
> 1

Select a matching strategy: ALL, ANY, NONE
> ANY
Enter a name or email to search all suitable people.
> bob gallien@evilcorp.com
5
9
9 persons found:
Demetria Hostetler gallien@evilcorp.com
Bob Yeh bobyeah@gmail.com
Angelita Wigington gallien@evilcorp.com
Shannan Bob stropeshah@gmail.com
Bob Mans
Pasquale Gallien gallien@evilcorp.com
Carlene Bob
Gerardo Strouth gallien@evilcorp.com
Agripina Bob


=== Menu ===
1. Find a person
2. Print all people
0. Exit
> 2

=== List of people ===
Kristofer Galley
Fernando Marbury fernando_marbury@gmail.com
Kristyn Nix nix-kris@gmail.com
Regenia Enderle
Malena Gray
Colette Mattei
Wendolyn Mcphillips
Jim Gray
Coreen Beckham
Bob Yeh bobyeah@gmail.com
Shannan Bob stropeshah@gmail.com
Yer Fillion
Margene Resendez marres@gmail.com
Blossom Ambler
Teri Ledet teri_ledet@gmail.com
Dana Baron baron@gmail.com
Abram Goldsberry
Yer Leopold
Stefania Trunzo
Alexis Leopold
Carlene Bob
Oliver Dacruz
Jonie Richter
Pasquale Gallien gallien@evilcorp.com
Verdie Gentle
Gerardo Strouth gallien@evilcorp.com
Agripina Bob
Latricia Niebuhr
Malena Schommer
Drema Leopold
Heide Payeur
Ranae Digiovanni
Simona Pereira
Nick Digiovanni
Angelita Wigington gallien@evilcorp.com
Elin Gray
Dwain Trunzo
Boris Beiler
Remi Malek fsociefy@gmail.com
Demetria Hostetler gallien@evilcorp.com
Nydia Mcduffie
Florencio Defibaugh
Warner Giblin
Bob Mans
Shu Gray
Kaycee Gray
Victorina Froehlich victory@gmail.com
Roseanne Gray
Erica Radford hisam@gmail.com
Elyse Pauling

=== Menu ===
1. Find a person
2. Print all people
0. Exit
> 1

Select a matching strategy: ALL, ANY, NONE
> NONE
Enter a name or email to search all suitable people.
> bob gallien@evilcorp.com
41 persons found:
Jonie Richter
Margene Resendez marres@gmail.com
Elin Gray
Alexis Leopold
Shu Gray
Kristyn Nix nix-kris@gmail.com
Fernando Marbury fernando_marbury@gmail.com
Malena Schommer
Verdie Gentle
Jim Gray
Blossom Ambler
Coreen Beckham
Elyse Pauling
Malena Gray
Simona Pereira
Boris Beiler
Nydia Mcduffie
Florencio Defibaugh
Abram Goldsberry
Dana Baron baron@gmail.com
Latricia Niebuhr
Warner Giblin
Oliver Dacruz
Erica Radford hisam@gmail.com
Yer Fillion
Victorina Froehlich victory@gmail.com
Yer Leopold
Stefania Trunzo
Nick Digiovanni
Kaycee Gray
Teri Ledet teri_ledet@gmail.com
Drema Leopold
Colette Mattei
Ranae Digiovanni
Kristofer Galley
Remi Malek fsociefy@gmail.com
Heide Payeur
Regenia Enderle
Dwain Trunzo
Wendolyn Mcphillips
Roseanne Gray


=== Menu ===
1. Find a person
2. Print all people
0. Exit
> 0


Bye!
?[1;31m
Start test 2?[0m

=== Menu ===
1. Find a person
2. Print all people
0. Exit
> 2

=== List of people ===
Kristofer Galley
Fernando Marbury fernando_marbury@gmail.com
Kristyn Nix nix-kris@gmail.com
Regenia Enderle
Malena Gray
Colette Mattei
Wendolyn Mcphillips
Jim Gray
Coreen Beckham
Bob Yeh bobyeah@gmail.com
Shannan Bob stropeshah@gmail.com
Yer Fillion
Margene Resendez marres@gmail.com
Blossom Ambler
Teri Ledet teri_ledet@gmail.com
Dana Baron baron@gmail.com
Abram Goldsberry
Yer Leopold
Stefania Trunzo
Alexis Leopold
Carlene Bob
Oliver Dacruz
Jonie Richter
Pasquale Gallien gallien@evilcorp.com
Verdie Gentle
Gerardo Strouth gallien@evilcorp.com
Agripina Bob
Latricia Niebuhr
Malena Schommer
Drema Leopold
Heide Payeur
Ranae Digiovanni
Simona Pereira
Nick Digiovanni
Angelita Wigington gallien@evilcorp.com
Elin Gray
Dwain Trunzo
Boris Beiler
Remi Malek fsociefy@gmail.com
Demetria Hostetler gallien@evilcorp.com
Nydia Mcduffie
Florencio Defibaugh
Warner Giblin
Bob Mans
Shu Gray
Kaycee Gray
Victorina Froehlich victory@gmail.com
Roseanne Gray
Erica Radford hisam@gmail.com
Elyse Pauling

=== Menu ===
1. Find a person
2. Print all people
0. Exit
> 1

Select a matching strategy: ALL, ANY, NONE
> ALL
Enter a name or email to search all suitable people.
> this text never gonna be matched
No matching people found.


=== Menu ===
1. Find a person
2. Print all people
0. Exit
> 2

=== List of people ===
Kristofer Galley
Fernando Marbury fernando_marbury@gmail.com
Kristyn Nix nix-kris@gmail.com
Regenia Enderle
Malena Gray
Colette Mattei
Wendolyn Mcphillips
Jim Gray
Coreen Beckham
Bob Yeh bobyeah@gmail.com
Shannan Bob stropeshah@gmail.com
Yer Fillion
Margene Resendez marres@gmail.com
Blossom Ambler
Teri Ledet teri_ledet@gmail.com
Dana Baron baron@gmail.com
Abram Goldsberry
Yer Leopold
Stefania Trunzo
Alexis Leopold
Carlene Bob
Oliver Dacruz
Jonie Richter
Pasquale Gallien gallien@evilcorp.com
Verdie Gentle
Gerardo Strouth gallien@evilcorp.com
Agripina Bob
Latricia Niebuhr
Malena Schommer
Drema Leopold
Heide Payeur
Ranae Digiovanni
Simona Pereira
Nick Digiovanni
Angelita Wigington gallien@evilcorp.com
Elin Gray
Dwain Trunzo
Boris Beiler
Remi Malek fsociefy@gmail.com
Demetria Hostetler gallien@evilcorp.com
Nydia Mcduffie
Florencio Defibaugh
Warner Giblin
Bob Mans
Shu Gray
Kaycee Gray
Victorina Froehlich victory@gmail.com
Roseanne Gray
Erica Radford hisam@gmail.com
Elyse Pauling

=== Menu ===
1. Find a person
2. Print all people
0. Exit
> 0


Bye!
]]></system-out>
  <system-err><![CDATA[]]></system-err>
</testsuite>
